<?xml version="1.0" encoding="UTF-8"?>
<!-- Generated by org.testng.reporters.JUnitXMLReporter -->
<testsuite ignored="0" hostname="LAPTOP-8LK4QLKQ" failures="0" tests="5" name="LoginTest" time="29.987" errors="0" timestamp="24 Aug. 2021 17:50:18 GMT">
  <testcase classname="TestNGconcepts.LoginTest" name="signuplink" time="0.166"/>
  <testcase classname="TestNGconcepts.LoginTest" name="pagetitletest" time="0.042"/>
  <testcase classname="TestNGconcepts.LoginTest" name="logintestpage" time="3.717"/>
  <testcase classname="TestNGconcepts.LoginTest" name="forgotpassword" time="0.142"/>
  <testcase classname="TestNGconcepts.LoginTest" name="loginSOS" time="0.295"/>
</testsuite> <!-- LoginTest -->
