<?xml version="1.0" encoding="UTF-8"?>
<!-- Generated by org.testng.reporters.JUnitXMLReporter -->
<testsuite ignored="0" hostname="LAPTOP-8LK4QLKQ" failures="0" tests="3" name="Loginintosurveymonkeyapplications" time="11.0" errors="0" timestamp="24 Aug. 2021 17:50:29 GMT">
  <testcase classname="TestNGconcepts.TC003_Loginintosurveymonkeyapplications" name="launchapplication" time="4.516"/>
  <testcase classname="TestNGconcepts.TC003_Loginintosurveymonkeyapplications" name="loginintoapplication" time="5.438"/>
  <testcase classname="TestNGconcepts.TC003_Loginintosurveymonkeyapplications" name="logout" time="1.035"/>
</testsuite> <!-- Loginintosurveymonkeyapplications -->
