<?xml version="1.0" encoding="UTF-8"?>
<!-- Generated by org.testng.reporters.JUnitXMLReporter -->
<testsuite ignored="0" hostname="LAPTOP-8LK4QLKQ" failures="0" tests="5" name="LoginTest" time="32.537" errors="0" timestamp="24 Aug. 2021 19:45:22 GMT">
  <testcase classname="parallel.LoginTest" name="signuplink" time="0.092"/>
  <testcase classname="parallel.LoginTest" name="pagetitletest" time="0.042"/>
  <testcase classname="parallel.LoginTest" name="logintestpage" time="4.438"/>
  <testcase classname="parallel.LoginTest" name="forgotpassword" time="0.134"/>
  <testcase classname="parallel.LoginTest" name="loginSOS" time="0.111"/>
</testsuite> <!-- LoginTest -->
