<?xml version="1.0" encoding="UTF-8"?>
<!-- Generated by org.testng.reporters.JUnitXMLReporter -->
<testsuite ignored="0" hostname="LAPTOP-8LK4QLKQ" failures="0" tests="3" name="Loginintosurveymonkeyapplications" time="12.187" errors="0" timestamp="24 Aug. 2021 19:45:02 GMT">
  <testcase classname="parallel.TC003_Loginintosurveymonkeyapplications" name="launchapplication" time="5.746"/>
  <testcase classname="parallel.TC003_Loginintosurveymonkeyapplications" name="loginintoapplication" time="5.415"/>
  <testcase classname="parallel.TC003_Loginintosurveymonkeyapplications" name="logout" time="0.999"/>
</testsuite> <!-- Loginintosurveymonkeyapplications -->
