<?xml version="1.0" encoding="UTF-8"?>
<!-- Generated by org.testng.reporters.JUnitXMLReporter -->
<testsuite ignored="0" hostname="LAPTOP-8LK4QLKQ" failures="0" tests="3" name="Testcasespriority" time="0.007" errors="0" timestamp="24 Aug. 2021 16:17:54 GMT">
  <testcase classname="TestNGconcepts.TC002_Testcasespriority" name="login" time="0.001"/>
  <testcase classname="TestNGconcepts.TC002_Testcasespriority" name="booktickets" time="0.001"/>
  <testcase classname="TestNGconcepts.TC002_Testcasespriority" name="logout" time="0.001"/>
</testsuite> <!-- Testcasespriority -->
