<?xml version="1.0" encoding="UTF-8"?>
<testng-results ignored="0" total="1" passed="1" failed="0" skipped="0">
  <reporter-output>
  </reporter-output>
  <suite started-at="2021-08-24T22:32:46Z" name="Default suite" finished-at="2021-08-24T22:32:50Z" duration-ms="4485">
    <groups>
    </groups>
    <test started-at="2021-08-24T22:32:46Z" name="Default test" finished-at="2021-08-24T22:32:50Z" duration-ms="4485">
      <class name="TestNGconcepts.propertiesconcept">
        <test-method signature="setup()[pri:0, instance:TestNGconcepts.propertiesconcept@7357a011]" started-at="2021-08-24T22:32:46Z" name="setup" finished-at="2021-08-24T22:32:50Z" duration-ms="4466" status="PASS">
          <reporter-output>
          </reporter-output>
        </test-method> <!-- setup -->
      </class> <!-- TestNGconcepts.propertiesconcept -->
    </test> <!-- Default test -->
  </suite> <!-- Default suite -->
</testng-results>
