<?xml version="1.0" encoding="UTF-8"?>
<!-- Generated by org.testng.reporters.JUnitXMLReporter -->
<testsuite ignored="0" hostname="LAPTOP-8LK4QLKQ" failures="0" tests="5" name="LoginTest" time="28.109" errors="0" timestamp="24 Aug. 2021 18:24:15 GMT">
  <testcase classname="RegressionSuite.LoginTest" name="signuplink" time="0.1"/>
  <testcase classname="RegressionSuite.LoginTest" name="pagetitletest" time="0.026"/>
  <testcase classname="RegressionSuite.LoginTest" name="logintestpage" time="3.679"/>
  <testcase classname="RegressionSuite.LoginTest" name="forgotpassword" time="0.144"/>
  <testcase classname="RegressionSuite.LoginTest" name="loginSOS" time="0.144"/>
</testsuite> <!-- LoginTest -->
